[12/09/2017 20:16:08] !balance
[12/09/2017 20:18:22] !deposit all
[12/09/2017 20:18:36] !depositall
[12/09/2017 20:18:48] !balance
[12/09/2017 20:18:55] !transfer 50000, god dangnoob
[12/09/2017 20:19:06] !transfer god dangoob, 50000
[12/09/2017 20:19:10] !transfer god dangoob, 50000
[12/09/2017 20:19:11] !transfer god dangoob, 50000
[12/09/2017 20:19:12] !transfer god dangoob, 50000
[12/09/2017 20:19:12] !transfer god dangoob, 50000
[12/09/2017 20:19:13] !transfer god dangoob, 50000
[12/09/2017 20:19:16] !transfer god dangoob, 50000
[12/09/2017 20:19:16] !transfer god dangoob, 50000
[12/09/2017 20:19:16] !transfer god dangoob, 50000
[12/09/2017 20:19:17] !transfer god dangoob, 50000
[12/09/2017 20:19:17] !transfer god dangoob, 50000
[12/09/2017 20:19:18] !transfer god dangoob, 50000
[12/09/2017 20:19:18] !transfer god dangoob, 50000
[12/09/2017 20:19:21] !balance
[12/09/2017 20:19:24] !balance
[12/09/2017 20:20:48] !depositall
[12/09/2017 20:20:55] !transfer 50000, testing
[12/09/2017 20:21:01] !transfer testing, 50000
[12/09/2017 20:24:34] !depositall
